Copyright 1986-2022 Xilinx, Inc. All Rights Reserved. Copyright 2022-2023 Advanced Micro Devices, Inc. All Rights Reserved.
---------------------------------------------------------------------------------------------------------------------------------------------
| Tool Version : Vivado v.2023.1 (win64) Build 3865809 Sun May  7 15:05:29 MDT 2023
| Date         : Wed Jun 12 14:13:00 2024
| Host         : Bert_Pc running 64-bit major release  (build 9200)
| Command      : report_control_sets -verbose -file Top_control_sets_placed.rpt
| Design       : Top
| Device       : xc7a35t
---------------------------------------------------------------------------------------------------------------------------------------------

Control Set Information

Table of Contents
-----------------
1. Summary
2. Histogram
3. Flip-Flop Distribution
4. Detailed Control Set Information

1. Summary
----------

+----------------------------------------------------------+-------+
|                          Status                          | Count |
+----------------------------------------------------------+-------+
| Total control sets                                       |    23 |
|    Minimum number of control sets                        |    23 |
|    Addition due to synthesis replication                 |     0 |
|    Addition due to physical synthesis replication        |     0 |
| Unused register locations in slices containing registers |    81 |
+----------------------------------------------------------+-------+
* Control sets can be merged at opt_design using control_set_merge or merge_equivalent_drivers
** Run report_qor_suggestions for automated merging and remapping suggestions


2. Histogram
------------

+--------------------+-------+
|       Fanout       | Count |
+--------------------+-------+
| Total control sets |    23 |
| >= 0 to < 4        |     0 |
| >= 4 to < 6        |     5 |
| >= 6 to < 8        |     1 |
| >= 8 to < 10       |     0 |
| >= 10 to < 12      |     4 |
| >= 12 to < 14      |     7 |
| >= 14 to < 16      |     0 |
| >= 16              |     6 |
+--------------------+-------+
* Control sets can be remapped at either synth_design or opt_design


3. Flip-Flop Distribution
-------------------------

+--------------+-----------------------+------------------------+-----------------+--------------+
| Clock Enable | Synchronous Set/Reset | Asynchronous Set/Reset | Total Registers | Total Slices |
+--------------+-----------------------+------------------------+-----------------+--------------+
| No           | No                    | No                     |             102 |           43 |
| No           | No                    | Yes                    |               0 |            0 |
| No           | Yes                   | No                     |             100 |           37 |
| Yes          | No                    | No                     |               0 |            0 |
| Yes          | No                    | Yes                    |               0 |            0 |
| Yes          | Yes                   | No                     |             173 |           56 |
+--------------+-----------------------+------------------------+-----------------+--------------+


4. Detailed Control Set Information
-----------------------------------

+------------------+-------------------------------------------------------+--------------------------------------------------------------+------------------+----------------+--------------+
|   Clock Signal   |                     Enable Signal                     |                       Set/Reset Signal                       | Slice Load Count | Bel Load Count | Bels / Slice |
+------------------+-------------------------------------------------------+--------------------------------------------------------------+------------------+----------------+--------------+
|  clock_IBUF_BUFG | gameTop/gameLogic/yBoxReg                             | gameTop/gameLogic/clear                                      |                2 |              4 |         2.00 |
|  clock_IBUF_BUFG | gameTop/debounceSampleEn                              | gameTop/gameTop_reset                                        |                3 |              4 |         1.33 |
|  clock_IBUF_BUFG |                                                       | gameTop/gameLogic/backgroundStateReg_reg[2]_0                |                2 |              5 |         2.50 |
|  clock_IBUF_BUFG | gameTop/gameLogic/hitboxIndex                         | gameTop/gameLogic/hitboxIndex[4]_i_1_n_0                     |                1 |              5 |         5.00 |
|  clock_IBUF_BUFG | gameTop/gameLogic/xBoxReg                             | gameTop/gameLogic/RSTC                                       |                2 |              5 |         2.50 |
|  clock_IBUF_BUFG |                                                       | gameTop/graphicEngineVGA/backBufferMemory/RamSpWf/p_0_out[6] |                4 |              6 |         1.50 |
|  clock_IBUF_BUFG | gameTop/gameLogic/playerYVel[12]_i_1_n_0              | gameTop/gameLogic/p_0_in0                                    |                4 |             10 |         2.50 |
|  clock_IBUF_BUFG | gameTop/gameLogic/viewBoxXReg[10]_i_1_n_0             | gameTop/gameLogic/p_0_in0                                    |                3 |             10 |         3.33 |
|  clock_IBUF_BUFG | gameTop/graphicEngineVGA/CounterXReg[9]_i_2_n_0       | gameTop/graphicEngineVGA/RSTC                                |                4 |             10 |         2.50 |
|  clock_IBUF_BUFG | gameTop/graphicEngineVGA/CounterXReg                  | gameTop/graphicEngineVGA/RSTD                                |                4 |             10 |         2.50 |
|  clock_IBUF_BUFG |                                                       | gameTop/gameTop_reset                                        |                6 |             12 |         2.00 |
|  clock_IBUF_BUFG |                                                       | gameTop/graphicEngineVGA/_T_763[3]_i_1_n_0                   |                3 |             12 |         4.00 |
|  clock_IBUF_BUFG | gameTop/graphicEngineVGA/_T_195                       | gameTop/graphicEngineVGA/backMemoryCopyCounter[0]_i_1_n_0    |                3 |             12 |         4.00 |
|  clock_IBUF_BUFG | gameTop/graphicEngineVGA/restoreEnabled               | gameTop/gameLogic/p_0_in0                                    |                3 |             12 |         4.00 |
|  clock_IBUF_BUFG | gameTop/gameLogic/playerXVel                          | gameTop/gameLogic/p_0_in0                                    |                4 |             13 |         3.25 |
|  clock_IBUF_BUFG | gameTop/gameLogic/playerXPos                          | gameTop/gameLogic/p_0_in0                                    |                5 |             13 |         2.60 |
|  clock_IBUF_BUFG | gameTop/gameLogic/playerYPos                          | gameTop/gameLogic/p_0_in0                                    |                4 |             13 |         3.25 |
|  clock_IBUF_BUFG |                                                       | gameTop/debounceCounter[0]_i_1_n_0                           |                6 |             21 |         3.50 |
|  clock_IBUF_BUFG |                                                       | gameTop/graphicEngineVGA/frameClockCount[0]_i_1_n_0          |                6 |             21 |         3.50 |
|  clock_IBUF_BUFG | gameTop/gameLogic/p_0_in0                             | gameTop/gameTop_reset                                        |                6 |             22 |         3.67 |
|  clock_IBUF_BUFG |                                                       | gameTop/gameLogic/p_0_in0                                    |               10 |             23 |         2.30 |
|  clock_IBUF_BUFG | gameTop/graphicEngineVGA/graphicEngineVGA_io_newFrame | gameTop/gameLogic/p_0_in0                                    |                8 |             30 |         3.75 |
|  clock_IBUF_BUFG |                                                       |                                                              |               43 |            105 |         2.44 |
+------------------+-------------------------------------------------------+--------------------------------------------------------------+------------------+----------------+--------------+


